<?xml version="1.0" encoding="UTF-8"?>
<testsuite xmlns:xsi="http://www.w3.org/2001/XMLSchema-instance" xsi:noNamespaceSchemaLocation="https://maven.apache.org/surefire/maven-surefire-plugin/xsd/surefire-test-report-3.0.xsd" version="3.0" name="org.example.gateway.ApiGatewayApplicationTests" time="1.099" tests="1" errors="0" skipped="0" failures="0">
  <properties>
[...]
</properties>
  <testcase name="contextLoads" classname="org.example.gateway.ApiGatewayApplicationTests" time="0.261">
    <system-out><![CDATA[15:28:14.684 [main] INFO org.springframework.test.context.support.AnnotationConfigContextLoaderUtils -- Could not detect default configuration classes for test class [org.example.gateway.ApiGatewayApplicationTests]: ApiGatewayApplicationTests does not declare any static, non-private, non-final, nested classes annotated with @Configuration.
15:28:14.717 [main] INFO org.springframework.boot.test.context.SpringBootTestContextBootstrapper -- Found @SpringBootConfiguration org.example.gateway.ApiGatewayApplication for test class org.example.gateway.ApiGatewayApplicationTests

  .   ____          _            __ _ _
 /\\ / ___'_ __ _ _(_)_ __  __ _ \ \ \ \
( ( )\___ | '_ | '_| | '_ \/ _` | \ \ \ \
 \\/  ___)| |_)| | | | | || (_| |  ) ) ) )
  '  |____| .__|_| |_|_| |_\__, | / / / /
 =========|_|==============|___/=/_/_/_/

 :: Spring Boot ::                (v3.3.6)

2026-02-26T15:28:14.857+01:00  INFO 45772 --- [api-gateway] [           main] o.e.gateway.ApiGatewayApplicationTests   : Starting ApiGatewayApplicationTests using Java 25.0.1 with PID 45772 (started by alexandre in /Users/alexandre/Desktop/Ynov/Archi/architecture-logicielle-m1/micro-demo-copie/library-microservice/api-gateway)
2026-02-26T15:28:14.857+01:00  INFO 45772 --- [api-gateway] [           main] o.e.gateway.ApiGatewayApplicationTests   : No active profile set, falling back to 1 default profile: "default"
2026-02-26T15:28:15.093+01:00  INFO 45772 --- [api-gateway] [           main] o.s.cloud.context.scope.GenericScope     : BeanFactory id=3b1272cc-060f-312c-8eef-6726f49f56d3
2026-02-26T15:28:15.366+01:00  INFO 45772 --- [api-gateway] [           main] o.s.c.g.r.RouteDefinitionRouteLocator    : Loaded RoutePredicateFactory [After]
2026-02-26T15:28:15.366+01:00  INFO 45772 --- [api-gateway] [           main] o.s.c.g.r.RouteDefinitionRouteLocator    : Loaded RoutePredicateFactory [Before]
2026-02-26T15:28:15.366+01:00  INFO 45772 --- [api-gateway] [           main] o.s.c.g.r.RouteDefinitionRouteLocator    : Loaded RoutePredicateFactory [Between]
2026-02-26T15:28:15.366+01:00  INFO 45772 --- [api-gateway] [           main] o.s.c.g.r.RouteDefinitionRouteLocator    : Loaded RoutePredicateFactory [Cookie]
2026-02-26T15:28:15.366+01:00  INFO 45772 --- [api-gateway] [           main] o.s.c.g.r.RouteDefinitionRouteLocator    : Loaded RoutePredicateFactory [Header]
2026-02-26T15:28:15.366+01:00  INFO 45772 --- [api-gateway] [           main] o.s.c.g.r.RouteDefinitionRouteLocator    : Loaded RoutePredicateFactory [Host]
2026-02-26T15:28:15.366+01:00  INFO 45772 --- [api-gateway] [           main] o.s.c.g.r.RouteDefinitionRouteLocator    : Loaded RoutePredicateFactory [Method]
2026-02-26T15:28:15.366+01:00  INFO 45772 --- [api-gateway] [           main] o.s.c.g.r.RouteDefinitionRouteLocator    : Loaded RoutePredicateFactory [Path]
2026-02-26T15:28:15.366+01:00  INFO 45772 --- [api-gateway] [           main] o.s.c.g.r.RouteDefinitionRouteLocator    : Loaded RoutePredicateFactory [Query]
2026-02-26T15:28:15.366+01:00  INFO 45772 --- [api-gateway] [           main] o.s.c.g.r.RouteDefinitionRouteLocator    : Loaded RoutePredicateFactory [ReadBody]
2026-02-26T15:28:15.366+01:00  INFO 45772 --- [api-gateway] [           main] o.s.c.g.r.RouteDefinitionRouteLocator    : Loaded RoutePredicateFactory [RemoteAddr]
2026-02-26T15:28:15.366+01:00  INFO 45772 --- [api-gateway] [           main] o.s.c.g.r.RouteDefinitionRouteLocator    : Loaded RoutePredicateFactory [XForwardedRemoteAddr]
2026-02-26T15:28:15.366+01:00  INFO 45772 --- [api-gateway] [           main] o.s.c.g.r.RouteDefinitionRouteLocator    : Loaded RoutePredicateFactory [Weight]
2026-02-26T15:28:15.366+01:00  INFO 45772 --- [api-gateway] [           main] o.s.c.g.r.RouteDefinitionRouteLocator    : Loaded RoutePredicateFactory [CloudFoundryRouteService]
2026-02-26T15:28:15.475+01:00  INFO 45772 --- [api-gateway] [           main] o.e.gateway.ApiGatewayApplicationTests   : Started ApiGatewayApplicationTests in 0.719 seconds (process running for 1.006)
]]></system-out>
    <system-err><![CDATA[WARNING: A Java agent has been loaded dynamically (/Users/alexandre/.m2/repository/net/bytebuddy/byte-buddy-agent/1.14.19/byte-buddy-agent-1.14.19.jar)
WARNING: If a serviceability tool is in use, please run with -XX:+EnableDynamicAgentLoading to hide this warning
WARNING: If a serviceability tool is not in use, please run with -Djdk.instrument.traceUsage for more information
WARNING: Dynamic loading of agents will be disallowed by default in a future release
]]></system-err>
  </testcase>
</testsuite>